<?xml version="1.0" encoding="UTF-8"?>
<!-- Generated by org.testng.reporters.JUnitReportReporter -->
<testsuite skipped="0" hostname="DESKTOP-5K8MRKM" name="NovelExtractor.webnovelonline" tests="1" failures="0" timestamp="2020-04-11T16:45:45 IST" time="51.481" errors="0">
  <testcase name="f" time="51.481" classname="NovelExtractor.webnovelonline"/>
  <system-out/>
</testsuite> <!-- NovelExtractor.webnovelonline -->
