<?xml version="1.0" encoding="UTF-8"?>
<!-- Generated by org.testng.reporters.JUnitReportReporter -->
<testsuite skipped="0" hostname="DESKTOP-5K8MRKM" name="NovelExtractor.webnovelonline" tests="1" failures="0" timestamp="2020-04-11T15:59:26 IST" time="53.842" errors="0">
  <testcase name="f" time="53.842" classname="NovelExtractor.webnovelonline"/>
  <system-out/>
</testsuite> <!-- NovelExtractor.webnovelonline -->
