<?xml version="1.0" encoding="UTF-8"?>
<!-- Generated by org.testng.reporters.JUnitReportReporter -->
<testsuite skipped="0" hostname="DESKTOP-5K8MRKM" name="NovelExtractor.readlightnovel" tests="1" failures="0" timestamp="2020-04-11T19:02:27 IST" time="95.952" errors="0">
  <testcase name="f" time="95.952" classname="NovelExtractor.readlightnovel"/>
  <system-out/>
</testsuite> <!-- NovelExtractor.readlightnovel -->
