<?xml version="1.0" encoding="UTF-8"?>
<!-- Generated by org.testng.reporters.JUnitReportReporter -->
<testsuite skipped="0" hostname="DESKTOP-5K8MRKM" name="NovelExtractor.wuxiaworld" tests="1" failures="0" timestamp="2020-04-11T10:33:02 IST" time="50.892" errors="0">
  <testcase name="f" time="50.892" classname="NovelExtractor.wuxiaworld"/>
  <system-out/>
</testsuite> <!-- NovelExtractor.wuxiaworld -->
